auth svr:10.100.61.3
username:chentb2114
password:CHEN421302
mac:0xf46d043ad688
0.0.0.0
[challenge] recv 020239da54c3d80101000100f203e8f000000000318c7a12f000a8a80000e659f16700000000dc02000000000000000000000000000000000000000000000000000000000000000000000000
[DEBUG] challenge:
020239da54c3d80101000100f203e8f000000000318c7a12f000a8a80000e659f16700000000dc02000000000000000000000000000000000000000000000000000000000000000000000000
[challenge] challenge packet sent.
[mkpkt] 0301001ea0eaa57d9ad9fd92ca2803cfc37a44796368656e746232313134000000000000000000000000000000000000000000000000000020035487a1474c51b8285ab303309b21e160d8d6dd442b2401318c7a12000000000000000000000000f3d6dfe641c84eb401000000006f70656e7375736534322e322d6368656e7462000000000000000000000000000a0a0a0a00000000000000000000000000000000940000000600000002000000f0230000020000004472434f4d00cf076800000000000000000000000000000000000000000000000000000000000000000000000000000000000000000000000000000000000000336463373966353231326538313730616366613965633935663164373439313635343262653762310000000000000000000000000000000000000000000000006800000a1f150799755f660dd7d0020cc07e55840000f46d043ad688000060a200000000000000000000000000000000000000000000000000000000
[login] send 0301001ea0eaa57d9ad9fd92ca2803cfc37a44796368656e746232313134000000000000000000000000000000000000000000000000000020035487a1474c51b8285ab303309b21e160d8d6dd442b2401318c7a12000000000000000000000000f3d6dfe641c84eb401000000006f70656e7375736534322e322d6368656e7462000000000000000000000000000a0a0a0a00000000000000000000000000000000940000000600000002000000f0230000020000004472434f4d00cf076800000000000000000000000000000000000000000000000000000000000000000000000000000000000000000000000000000000000000336463373966353231326538313730616366613965633935663164373439313635343262653762310000000000000000000000000000000000000000000000006800000a1f150799755f660dd7d0020cc07e55840000f46d043ad688000060a200000000000000000000000000000000000000000000000000000000
[login] recv 0400000500e20e000044aa1500ffffffffff00000000004472636f0a643d03963e318c7a12019cb00500030100
[login] packet sent.
[login] loged in
[login] login sent
package_tail 4472636f0a643d03963e318c7a12019c
starting to empty socket buffer
exception in empty_socket_buffer
emptyed
[keep_alive1] send ffa0eaa57d9ad9fd92ca2803cfc37a44790000004472636f0a643d03963e318c7a12019cd9bb00000000
[keep-alive1] recv 070110000600d9bb0d7bfc0c318c7a12a8a80000e659f16700000000dc020000030000000000000000000000e20e000044aa1500ffffffffffffffffffffffff
[keep-alive2] send1 070028000b010f272f12000000000000000000000000000000000000000000000000000000000000
[keep-alive2] recv1 070010010b06dc022f12000000000000a8a80000e659f16700000000dc0200004d5a90000300000004000000ffff0000b800000000000000400000000000000000000000000000000000000000000000000000000000000000000000080100000e1fba0e00b409cd21b8014ccd21546869732070726f6772616d2063616e6e6f742062652072756e20696e20444f53206d6f64652e0d0d0a24000000000000007cc3835a38a2ed0938a2ed0938a2ed096181fe093aa2ed0943bee10939a2ed09bbaab00932a2ed09bbbee3093aa2ed0957bde60939a2ed0957bde7093da2ed0957bde9093aa2ed0938a2ec0981a2ed090e84e9093ba2ed090e84e60930a2ed09ffa4eb0939a2ed09c782e9093ba2ed09
[keep-alive2] recv file, resending..
[keep-alive2] send1 070128000b01dc022f12000000000000000000000000000000000000000000000000000000000000
[keep-alive2] recv1 070128000b02dc022f120000000000000d7bfc0c0000000000000000000000000000000000000000
[keep-alive2] send2 070128000b01dc022f12000000000000000000000000000000000000000000000000000000000000
[keep-alive2] recv2 070128000b02dc022f120000000000000d7bfc0c0000000000000000000000000000000000000000
[keep-alive2] send3 070228000b03dc022f120000000000000d7bfc0c0000000000000000318c7a120000000000000000
[keep-alive2] recv3 070228000b04dc022f120000000000000d7bfc0c0000000000000000000000000000000000000000
[keep-alive2] keep-alive2 loop was in daemon.
[keep_alive2] send 3 070328000b01dc022f120000000000000d7bfc0c0000000000000000000000000000000000000000
[keep_alive2] recv 070328000b02dc022f120000000000000d7bfc0c0000000000000000000000000000000000000000
[keep_alive2] send 4 070428000b03dc022f120000000000000d7bfc0c0000000000000000318c7a120000000000000000
[keep_alive2] recv 070428000b04dc022f120000000000000d7bfc0c0000000000000000000000000000000000000000
[keep_alive2] send 5 070528000b01dc022f120000000000000d7bfc0c0000000000000000000000000000000000000000
[keep_alive2] recv 070528000b02dc022f12000000000000607bfc0c0000000000000000000000000000000000000000
[keep_alive2] send 6 070628000b03dc022f12000000000000607bfc0c0000000000000000318c7a120000000000000000
[keep_alive2] recv 070628000b04dc022f12000000000000607bfc0c0000000000000000000000000000000000000000
[keep_alive2] send 7 070728000b01dc022f12000000000000607bfc0c0000000000000000000000000000000000000000
[keep_alive2] recv 070728000b02dc022f120000000000006b7bfc0c0000000000000000000000000000000000000000
[keep_alive2] send 8 070828000b03dc022f120000000000006b7bfc0c0000000000000000318c7a120000000000000000
[keep_alive2] recv 070828000b04dc022f120000000000006b7bfc0c0000000000000000000000000000000000000000
auth svr:10.100.61.3
username:chentb2114
password:CHEN421302
mac:0xf46d043ad688
0.0.0.0
[challenge] recv 02028fdad204000001000100f203e8f000000000318c7a12f000a8a80000e659f16700000000dc02000000000000000000000000000000000000000000000000000000000000000000000000
[DEBUG] challenge:
02028fdad204000001000100f203e8f000000000318c7a12f000a8a80000e659f16700000000dc02000000000000000000000000000000000000000000000000000000000000000000000000
[challenge] challenge packet sent.
[mkpkt] 0301001e66eebdc5b1985981b54e7751a0c19ce36368656e746232313134000000000000000000000000000000000000000000000000000020039283b9ff6710641039a0f5c0d4a7e6f8bc40f52c919101318c7a12000000000000000000000000518e9ad1702464db01000000006f70656e7375736534322e322d6368656e7462000000000000000000000000000a0a0a0a00000000000000000000000000000000940000000600000002000000f0230000020000004472434f4d00cf076800000000000000000000000000000000000000000000000000000000000000000000000000000000000000000000000000000000000000336463373966353231326538313730616366613965633935663164373439313635343262653762310000000000000000000000000000000000000000000000006800000a2935c75c2c5543952ce3020cc014fa630000f46d043ad688000060a200000000000000000000000000000000000000000000000000000000
[login] send 0301001e66eebdc5b1985981b54e7751a0c19ce36368656e746232313134000000000000000000000000000000000000000000000000000020039283b9ff6710641039a0f5c0d4a7e6f8bc40f52c919101318c7a12000000000000000000000000518e9ad1702464db01000000006f70656e7375736534322e322d6368656e7462000000000000000000000000000a0a0a0a00000000000000000000000000000000940000000600000002000000f0230000020000004472434f4d00cf076800000000000000000000000000000000000000000000000000000000000000000000000000000000000000000000000000000000000000336463373966353231326538313730616366613965633935663164373439313635343262653762310000000000000000000000000000000000000000000000006800000a2935c75c2c5543952ce3020cc014fa630000f46d043ad688000060a200000000000000000000000000000000000000000000000000000000
[login] recv 0400000500e30e00004eaa1500ffffffffff00000000004472636f0a643d03a640318c7a120106b00500030100
[login] packet sent.
[login] loged in
[login] login sent
package_tail 4472636f0a643d03a640318c7a120106
starting to empty socket buffer
exception in empty_socket_buffer
emptyed
[keep_alive1] send ff66eebdc5b1985981b54e7751a0c19ce30000004472636f0a643d03a640318c7a120106d9db00000000
[keep-alive1] recv 070110000600d9db347cfc0c318c7a12a8a80000e659f16700000000dc020000030000000000000000000000e30e00004eaa1500ffffffffffffffffffffffff
[keep-alive2] send1 070028000b010f272f12000000000000000000000000000000000000000000000000000000000000
[keep-alive2] recv1 070010010b06dc022f12000000000000a8a80000e659f16700000000dc0200004d5a90000300000004000000ffff0000b800000000000000400000000000000000000000000000000000000000000000000000000000000000000000080100000e1fba0e00b409cd21b8014ccd21546869732070726f6772616d2063616e6e6f742062652072756e20696e20444f53206d6f64652e0d0d0a24000000000000007cc3835a38a2ed0938a2ed0938a2ed096181fe093aa2ed0943bee10939a2ed09bbaab00932a2ed09bbbee3093aa2ed0957bde60939a2ed0957bde7093da2ed0957bde9093aa2ed0938a2ec0981a2ed090e84e9093ba2ed090e84e60930a2ed09ffa4eb0939a2ed09c782e9093ba2ed09
[keep-alive2] recv file, resending..
[keep-alive2] send1 070128000b01dc022f12000000000000000000000000000000000000000000000000000000000000
[keep-alive2] recv1 070128000b02dc022f12000000000000347cfc0c0000000000000000000000000000000000000000
[keep-alive2] send2 070128000b01dc022f12000000000000000000000000000000000000000000000000000000000000
[keep-alive2] recv2 070128000b02dc022f12000000000000347cfc0c0000000000000000000000000000000000000000
[keep-alive2] send3 070228000b03dc022f12000000000000347cfc0c0000000000000000318c7a120000000000000000
[keep-alive2] recv3 070228000b04dc022f12000000000000347cfc0c0000000000000000000000000000000000000000
[keep-alive2] keep-alive2 loop was in daemon.
[keep_alive2] send 3 070328000b01dc022f12000000000000347cfc0c0000000000000000000000000000000000000000
[keep_alive2] recv 070328000b02dc022f12000000000000347cfc0c0000000000000000000000000000000000000000
[keep_alive2] send 4 070428000b03dc022f12000000000000347cfc0c0000000000000000318c7a120000000000000000
[keep_alive2] recv 070428000b04dc022f12000000000000347cfc0c0000000000000000000000000000000000000000
[keep_alive1] send ff66eebdc5b1985981b54e7751a0c19ce30000004472636f0a643d03a640318c7a120106d9ef00000000
[keep-alive1] recv 070110000600d9efea7cfc0c318c7a12a8a80000e659f16700000000dc020000170000000100000000000000e30e00004eaa1500ffffffffffffffffffffffff
[keep_alive2] send 5 070528000b01dc022f12000000000000347cfc0c0000000000000000000000000000000000000000
[keep_alive2] recv 070528000b02dc022f12000000000000ea7cfc0c0000000000000000000000000000000000000000
[keep_alive2] send 6 070628000b03dc022f12000000000000ea7cfc0c0000000000000000318c7a120000000000000000
[keep_alive2] recv 070628000b04dc022f12000000000000ea7cfc0c0000000000000000000000000000000000000000
[keep_alive1] send ff66eebdc5b1985981b54e7751a0c19ce30000004472636f0a643d03a640318c7a120106da0300000000
[keep-alive1] recv 070110000600da03a17dfc0c318c7a12a8a80000e659f16700000000dc0200002b0000000100000000000000e30e00004eaa1500ffffffffffffffffffffffff
[keep_alive2] send 7 070728000b01dc022f12000000000000ea7cfc0c0000000000000000000000000000000000000000
[keep_alive2] recv 070728000b02dc022f12000000000000a17dfc0c0000000000000000000000000000000000000000
[keep_alive2] send 8 070828000b03dc022f12000000000000a17dfc0c0000000000000000318c7a120000000000000000
[keep_alive2] recv 070828000b04dc022f12000000000000a17dfc0c0000000000000000000000000000000000000000
[keep_alive1] send ff66eebdc5b1985981b54e7751a0c19ce30000004472636f0a643d03a640318c7a120106da1700000000
[keep-alive1] recv 070110000600da175a7efc0c318c7a12a8a80000e659f16700000000dc0200003f0000000200000000000000e30e00004eaa1500ffffffffffffffffffffffff
[keep_alive2] send 9 070928000b01dc022f12000000000000a17dfc0c0000000000000000000000000000000000000000
[keep_alive2] recv 070928000b02dc022f120000000000005a7efc0c0000000000000000000000000000000000000000
[keep_alive2] send 10 070a28000b03dc022f120000000000005a7efc0c0000000000000000318c7a120000000000000000
[keep_alive2] recv 070a28000b04dc022f120000000000005a7efc0c0000000000000000000000000000000000000000
[keep_alive1] send ff66eebdc5b1985981b54e7751a0c19ce30000004472636f0a643d03a640318c7a120106da2b00000000
[keep-alive1] recv 070110000600da2b167ffc0c318c7a12a8a80000e659f16700000000dc020000530000000300000001000000e30e00004eaa1500ffffffffffffffffffffffff
[keep_alive2] send 11 070b28000b01dc022f120000000000005a7efc0c0000000000000000000000000000000000000000
[keep_alive2] recv 070b28000b02dc022f12000000000000167ffc0c0000000000000000000000000000000000000000
[keep_alive2] send 12 070c28000b03dc022f12000000000000167ffc0c0000000000000000318c7a120000000000000000
[keep_alive2] recv 070c28000b04dc022f12000000000000167ffc0c0000000000000000000000000000000000000000
[keep_alive1] send ff66eebdc5b1985981b54e7751a0c19ce30000004472636f0a643d03a640318c7a120106da3f00000000
[keep-alive1] recv 070110000600da3fd27ffc0c318c7a12a8a80000e659f16700000000dc020000670000000400000001000000e30e00004eaa1500ffffffffffffffffffffffff
[keep_alive2] send 13 070d28000b01dc022f12000000000000167ffc0c0000000000000000000000000000000000000000
[keep_alive2] recv 070d28000b02dc022f12000000000000d27ffc0c0000000000000000000000000000000000000000
[keep_alive2] send 14 070e28000b03dc022f12000000000000d27ffc0c0000000000000000318c7a120000000000000000
[keep_alive2] recv 070e28000b04dc022f12000000000000d27ffc0c0000000000000000000000000000000000000000
[keep_alive1] send ff66eebdc5b1985981b54e7751a0c19ce30000004472636f0a643d03a640318c7a120106da5300000000
[keep-alive1] recv 070110000600da538e80fc0c318c7a12a8a80000e659f16700000000dc0200007b0000000500000001000000e30e00004eaa1500ffffffffffffffffffffffff
[keep_alive2] send 15 070f28000b01dc022f12000000000000d27ffc0c0000000000000000000000000000000000000000
[keep_alive2] recv 070f28000b02dc022f120000000000008e80fc0c0000000000000000000000000000000000000000
[keep_alive2] send 16 071028000b03dc022f120000000000008e80fc0c0000000000000000318c7a120000000000000000
[keep_alive2] recv 071028000b04dc022f120000000000008e80fc0c0000000000000000000000000000000000000000
[keep_alive1] send ff66eebdc5b1985981b54e7751a0c19ce30000004472636f0a643d03a640318c7a120106da6700000000
[keep-alive1] recv 070110000600da674981fc0c318c7a12a8a80000e659f16700000000dc0200008f0000000500000001000000e30e00004eaa1500ffffffffffffffffffffffff
[keep_alive2] send 17 071128000b01dc022f120000000000008e80fc0c0000000000000000000000000000000000000000
[keep_alive2] recv 071128000b02dc022f120000000000004981fc0c0000000000000000000000000000000000000000
[keep_alive2] send 18 071228000b03dc022f120000000000004981fc0c0000000000000000318c7a120000000000000000
[keep_alive2] recv 071228000b04dc022f120000000000004981fc0c0000000000000000000000000000000000000000
[keep_alive1] send ff66eebdc5b1985981b54e7751a0c19ce30000004472636f0a643d03a640318c7a120106da7b00000000
[keep-alive1] recv 070110000600da7b0582fc0c318c7a12a8a80000e659f16700000000dc020000a30000000500000001000000e30e00004eaa1500ffffffffffffffffffffffff
[keep_alive2] send 19 071328000b01dc022f120000000000004981fc0c0000000000000000000000000000000000000000
[keep_alive2] recv 071328000b02dc022f120000000000000582fc0c0000000000000000000000000000000000000000
[keep_alive2] send 20 071428000b03dc022f120000000000000582fc0c0000000000000000318c7a120000000000000000
[keep_alive2] recv 071428000b04dc022f120000000000000582fc0c0000000000000000000000000000000000000000
[keep_alive1] send ff66eebdc5b1985981b54e7751a0c19ce30000004472636f0a643d03a640318c7a120106da8f00000000
[keep-alive1] recv 070110000600da8fbf82fc0c318c7a12a8a80000e659f16700000000dc020000b70000000600000001000000e30e00004eaa1500ffffffffffffffffffffffff
[keep_alive2] send 21 071528000b01dc022f120000000000000582fc0c0000000000000000000000000000000000000000
[keep_alive2] recv 071528000b02dc022f12000000000000bf82fc0c0000000000000000000000000000000000000000
[keep_alive2] send 22 071628000b03dc022f12000000000000bf82fc0c0000000000000000318c7a120000000000000000
[keep_alive2] recv 071628000b04dc022f12000000000000bf82fc0c0000000000000000000000000000000000000000
[keep_alive1] send ff66eebdc5b1985981b54e7751a0c19ce30000004472636f0a643d03a640318c7a120106daa300000000
[keep-alive1] recv 070110000600daa37983fc0c318c7a12a8a80000e659f16700000000dc020000cb0000000700000001000000e30e00004eaa1500ffffffffffffffffffffffff
[keep_alive2] send 23 071728000b01dc022f12000000000000bf82fc0c0000000000000000000000000000000000000000
[keep_alive2] recv 071728000b02dc022f120000000000007983fc0c0000000000000000000000000000000000000000
[keep_alive2] send 24 071828000b03dc022f120000000000007983fc0c0000000000000000318c7a120000000000000000
[keep_alive2] recv 071828000b04dc022f120000000000007983fc0c0000000000000000000000000000000000000000
[keep_alive1] send ff66eebdc5b1985981b54e7751a0c19ce30000004472636f0a643d03a640318c7a120106dab700000000
[keep-alive1] recv 070110000600dab73284fc0c318c7a12a8a80000e659f16700000000dc020000df0000000800000001000000e30e00004eaa1500ffffffffffffffffffffffff
[keep_alive2] send 25 071928000b01dc022f120000000000007983fc0c0000000000000000000000000000000000000000
[keep_alive2] recv 071928000b02dc022f120000000000003284fc0c0000000000000000000000000000000000000000
[keep_alive2] send 26 071a28000b03dc022f120000000000003284fc0c0000000000000000318c7a120000000000000000
[keep_alive2] recv 071a28000b04dc022f120000000000003284fc0c0000000000000000000000000000000000000000
[keep_alive1] send ff66eebdc5b1985981b54e7751a0c19ce30000004472636f0a643d03a640318c7a120106dacb00000000
[keep-alive1] recv 070110000600dacbea84fc0c318c7a12a8a80000e659f16700000000dc020000f30000000800000001000000e30e00004eaa1500ffffffffffffffffffffffff
[keep_alive2] send 27 071b28000b01dc022f120000000000003284fc0c0000000000000000000000000000000000000000
[keep_alive2] recv 071b28000b02dc022f12000000000000ea84fc0c0000000000000000000000000000000000000000
[keep_alive2] send 28 071c28000b03dc022f12000000000000ea84fc0c0000000000000000318c7a120000000000000000
[keep_alive2] recv 071c28000b04dc022f12000000000000ea84fc0c0000000000000000000000000000000000000000
[keep_alive1] send ff66eebdc5b1985981b54e7751a0c19ce30000004472636f0a643d03a640318c7a120106dadf00000000
[keep-alive1] recv 070110000600dadfa385fc0c318c7a12a8a80000e659f16700000000dc020000070100000800000001000000e30e00004eaa1500ffffffffffffffffffffffff
[keep_alive2] send 29 071d28000b01dc022f12000000000000ea84fc0c0000000000000000000000000000000000000000
[keep_alive2] recv 071d28000b02dc022f12000000000000a385fc0c0000000000000000000000000000000000000000
[keep_alive2] send 30 071e28000b03dc022f12000000000000a385fc0c0000000000000000318c7a120000000000000000
[keep_alive2] recv 071e28000b04dc022f12000000000000a385fc0c0000000000000000000000000000000000000000
[keep_alive1] send ff66eebdc5b1985981b54e7751a0c19ce30000004472636f0a643d03a640318c7a120106daf300000000
[keep-alive1] recv 070110000600daf35a86fc0c318c7a12a8a80000e659f16700000000dc0200001b0100000800000001000000e30e00004eaa1500ffffffffffffffffffffffff
[keep_alive2] send 31 071f28000b01dc022f12000000000000a385fc0c0000000000000000000000000000000000000000
[keep_alive2] recv 071f28000b02dc022f120000000000005a86fc0c0000000000000000000000000000000000000000
[keep_alive2] send 32 072028000b03dc022f120000000000005a86fc0c0000000000000000318c7a120000000000000000
[keep_alive2] recv 072028000b04dc022f120000000000005a86fc0c0000000000000000000000000000000000000000
[keep_alive1] send ff66eebdc5b1985981b54e7751a0c19ce30000004472636f0a643d03a640318c7a120106db0700000000
[keep-alive1] recv 070110000600db071187fc0c318c7a12a8a80000e659f16700000000dc0200002f0100000d00000003000000e30e00004eaa1500ffffffffffffffffffffffff
[keep_alive2] send 33 072128000b01dc022f120000000000005a86fc0c0000000000000000000000000000000000000000
[keep_alive2] recv 072128000b02dc022f120000000000001187fc0c0000000000000000000000000000000000000000
[keep_alive2] send 34 072228000b03dc022f120000000000001187fc0c0000000000000000318c7a120000000000000000
[keep_alive2] recv 072228000b04dc022f120000000000001187fc0c0000000000000000000000000000000000000000
[keep_alive1] send ff66eebdc5b1985981b54e7751a0c19ce30000004472636f0a643d03a640318c7a120106db1b00000000
[keep-alive1] recv 070110000600db1bc887fc0c318c7a12a8a80000e659f16700000000dc020000430100000e00000003000000e30e00004eaa1500ffffffffffffffffffffffff
[keep_alive2] send 35 072328000b01dc022f120000000000001187fc0c0000000000000000000000000000000000000000
[keep_alive2] recv 072328000b02dc022f12000000000000c887fc0c0000000000000000000000000000000000000000
[keep_alive2] send 36 072428000b03dc022f12000000000000c887fc0c0000000000000000318c7a120000000000000000
[keep_alive2] recv 072428000b04dc022f12000000000000c887fc0c0000000000000000000000000000000000000000
[keep_alive1] send ff66eebdc5b1985981b54e7751a0c19ce30000004472636f0a643d03a640318c7a120106db2f00000000
[keep-alive1] recv 070110000600db2f8388fc0c318c7a12a8a80000e659f16700000000dc020000570100000f00000003000000e30e00004eaa1500ffffffffffffffffffffffff
[keep_alive2] send 37 072528000b01dc022f12000000000000c887fc0c0000000000000000000000000000000000000000
[keep_alive2] recv 072528000b02dc022f120000000000008388fc0c0000000000000000000000000000000000000000
[keep_alive2] send 38 072628000b03dc022f120000000000008388fc0c0000000000000000318c7a120000000000000000
[keep_alive2] recv 072628000b04dc022f120000000000008388fc0c0000000000000000000000000000000000000000
[keep_alive1] send ff66eebdc5b1985981b54e7751a0c19ce30000004472636f0a643d03a640318c7a120106db4300000000
[keep-alive1] recv 070110000600db434189fc0c318c7a12a8a80000e659f16700000000dc0200006b0100000f00000003000000e30e00004eaa1500ffffffffffffffffffffffff
[keep_alive2] send 39 072728000b01dc022f120000000000008388fc0c0000000000000000000000000000000000000000
[keep_alive2] recv 072728000b02dc022f120000000000004189fc0c0000000000000000000000000000000000000000
[keep_alive2] send 40 072828000b03dc022f120000000000004189fc0c0000000000000000318c7a120000000000000000
[keep_alive2] recv 072828000b04dc022f120000000000004189fc0c0000000000000000000000000000000000000000
[keep_alive1] send ff66eebdc5b1985981b54e7751a0c19ce30000004472636f0a643d03a640318c7a120106db5700000000
[keep-alive1] recv 070110000600db57fe89fc0c318c7a12a8a80000e659f16700000000dc0200007f0100000f00000003000000e30e00004eaa1500ffffffffffffffffffffffff
[keep_alive2] send 41 072928000b01dc022f120000000000004189fc0c0000000000000000000000000000000000000000
[keep_alive2] recv 072928000b02dc022f12000000000000fe89fc0c0000000000000000000000000000000000000000
[keep_alive2] send 42 072a28000b03dc022f12000000000000fe89fc0c0000000000000000318c7a120000000000000000
[keep_alive2] recv 072a28000b04dc022f12000000000000fe89fc0c0000000000000000000000000000000000000000
[keep_alive1] send ff66eebdc5b1985981b54e7751a0c19ce30000004472636f0a643d03a640318c7a120106db6b00000000
[keep-alive1] recv 070110000600db6bbb8afc0c318c7a12a8a80000e659f16700000000dc0200009301000071000000cd010000e30e00004eaa1500ffffffffffffffffffffffff
[keep_alive2] send 43 072b28000b01dc022f12000000000000fe89fc0c0000000000000000000000000000000000000000
[keep_alive2] recv 072b28000b02dc022f12000000000000bb8afc0c0000000000000000000000000000000000000000
[keep_alive2] send 44 072c28000b03dc022f12000000000000bb8afc0c0000000000000000318c7a120000000000000000
[keep_alive2] recv 072c28000b04dc022f12000000000000bb8afc0c0000000000000000000000000000000000000000
[keep_alive1] send ff66eebdc5b1985981b54e7751a0c19ce30000004472636f0a643d03a640318c7a120106db7f00000000
[keep-alive1] recv 070110000600db7f768bfc0c318c7a12a8a80000e659f16700000000dc020000a701000074000000d0010000e30e00004eaa1500ffffffffffffffffffffffff
[keep_alive2] send 45 072d28000b01dc022f12000000000000bb8afc0c0000000000000000000000000000000000000000
[keep_alive2] recv 072d28000b02dc022f12000000000000768bfc0c0000000000000000000000000000000000000000
[keep_alive2] send 46 072e28000b03dc022f12000000000000768bfc0c0000000000000000318c7a120000000000000000
[keep_alive2] recv 072e28000b04dc022f12000000000000768bfc0c0000000000000000000000000000000000000000
[keep_alive1] send ff66eebdc5b1985981b54e7751a0c19ce30000004472636f0a643d03a640318c7a120106db9300000000
[keep-alive1] recv 070110000600db93328cfc0c318c7a12a8a80000e659f16700000000dc020000bb01000074000000d0010000e30e00004eaa1500ffffffffffffffffffffffff
[keep_alive2] send 47 072f28000b01dc022f12000000000000768bfc0c0000000000000000000000000000000000000000
[keep_alive2] recv 072f28000b02dc022f12000000000000328cfc0c0000000000000000000000000000000000000000
[keep_alive2] send 48 073028000b03dc022f12000000000000328cfc0c0000000000000000318c7a120000000000000000
[keep_alive2] recv 073028000b04dc022f12000000000000328cfc0c0000000000000000000000000000000000000000
[keep_alive1] send ff66eebdc5b1985981b54e7751a0c19ce30000004472636f0a643d03a640318c7a120106dba700000000
[keep-alive1] recv 070110000600dba7ed8cfc0c318c7a12a8a80000e659f16700000000dc020000cf010000980000000f020000e30e00004eaa1500ffffffffffffffffffffffff
[keep_alive2] send 49 073128000b01dc022f12000000000000328cfc0c0000000000000000000000000000000000000000
[keep_alive2] recv 073128000b02dc022f12000000000000ed8cfc0c0000000000000000000000000000000000000000
[keep_alive2] send 50 073228000b03dc022f12000000000000ed8cfc0c0000000000000000318c7a120000000000000000
[keep_alive2] recv 073228000b04dc022f12000000000000ed8cfc0c0000000000000000000000000000000000000000
[keep_alive1] send ff66eebdc5b1985981b54e7751a0c19ce30000004472636f0a643d03a640318c7a120106dbbb00000000
[keep-alive1] recv 070110000600dbbba78dfc0c318c7a12a8a80000e659f16700000000dc020000e3010000990000000f020000e30e00004eaa1500ffffffffffffffffffffffff
[keep_alive2] send 51 073328000b01dc022f12000000000000ed8cfc0c0000000000000000000000000000000000000000
[keep_alive2] recv 073328000b02dc022f12000000000000a78dfc0c0000000000000000000000000000000000000000
[keep_alive2] send 52 073428000b03dc022f12000000000000a78dfc0c0000000000000000318c7a120000000000000000
[keep_alive2] recv 073428000b04dc022f12000000000000a78dfc0c0000000000000000000000000000000000000000
[keep_alive1] send ff66eebdc5b1985981b54e7751a0c19ce30000004472636f0a643d03a640318c7a120106dbcf00000000
[keep-alive1] recv 070110000600dbcf618efc0c318c7a12a8a80000e659f16700000000dc020000f70100009b00000010020000e30e00004eaa1500ffffffffffffffffffffffff
[keep_alive2] send 53 073528000b01dc022f12000000000000a78dfc0c0000000000000000000000000000000000000000
[keep_alive2] recv 073528000b02dc022f12000000000000618efc0c0000000000000000000000000000000000000000
[keep_alive2] send 54 073628000b03dc022f12000000000000618efc0c0000000000000000318c7a120000000000000000
[keep_alive2] recv 073628000b04dc022f12000000000000618efc0c0000000000000000000000000000000000000000
[keep_alive1] send ff66eebdc5b1985981b54e7751a0c19ce30000004472636f0a643d03a640318c7a120106dbe300000000
[keep-alive1] recv 070110000600dbe31a8ffc0c318c7a12a8a80000e659f16700000000dc0200000b0200009e00000014020000e30e00004eaa1500ffffffffffffffffffffffff
[keep_alive2] send 55 073728000b01dc022f12000000000000618efc0c0000000000000000000000000000000000000000
[keep_alive2] recv 073728000b02dc022f120000000000001a8ffc0c0000000000000000000000000000000000000000
[keep_alive2] send 56 073828000b03dc022f120000000000001a8ffc0c0000000000000000318c7a120000000000000000
[keep_alive2] recv 073828000b04dc022f120000000000001a8ffc0c0000000000000000000000000000000000000000
